<?xml version="1.0" encoding="UTF-8"?>
<testng-results skipped="0" failed="0" ignored="0" total="1" passed="1">
  <reporter-output>
  </reporter-output>
  <suite name="Default suite" duration-ms="65" started-at="2022-09-07T22:52:21 IST" finished-at="2022-09-07T22:52:21 IST">
    <groups>
    </groups>
    <test name="Default test" duration-ms="65" started-at="2022-09-07T22:52:21 IST" finished-at="2022-09-07T22:52:21 IST">
      <class name="testValidation.ValidateWicketKeeper">
        <test-method status="PASS" signature="validateWicketKeeper()[pri:0, instance:testValidation.ValidateWicketKeeper@a7e666]" name="validateWicketKeeper" duration-ms="14" started-at="2022-09-07T22:52:21 IST" finished-at="2022-09-07T22:52:21 IST">
          <reporter-output>
          </reporter-output>
        </test-method> <!-- validateWicketKeeper -->
      </class> <!-- testValidation.ValidateWicketKeeper -->
    </test> <!-- Default test -->
  </suite> <!-- Default suite -->
</testng-results>
